<?xml version="1.0" encoding="UTF-8"?>
<!-- Generated by org.testng.reporters.JUnitReportReporter -->
<testsuite skipped="0" hostname="LAPTOP-JLPCQCSL" name="test.BonifyLoginPageTest" tests="11" failures="0" timestamp="25 Aug 2018 10:25:05 GMT" time="11.364" errors="0">
  <testcase name="blankLoginTest" time="0.945" classname="test.BonifyLoginPageTest"/>
  <testcase name="blankEmailLoginTest" time="0.433" classname="test.BonifyLoginPageTest"/>
  <testcase name="blankPasswordLoginTest" time="2.320" classname="test.BonifyLoginPageTest"/>
  <testcase name="InvalidLoginTest" time="1.775" classname="test.BonifyLoginPageTest"/>
  <testcase name="ForgotPasswordLinkTest" time="0.333" classname="test.BonifyLoginPageTest"/>
  <testcase name="RegisterLinkTest" time="1.095" classname="test.BonifyLoginPageTest"/>
  <testcase name="ValidLoginTest" time="1.966" classname="test.BonifyLoginPageTest"/>
  <testcase name="LogoutTest" time="0.642" classname="test.BonifyLoginPageTest"/>
  <testcase name="ImpressumLinkTest" time="0.054" classname="test.BonifyLoginPageTest"/>
  <testcase name="AgbLinkTest" time="0.212" classname="test.BonifyLoginPageTest"/>
  <testcase name="DatenschutzLinkTest" time="1.589" classname="test.BonifyLoginPageTest"/>
</testsuite> <!-- test.BonifyLoginPageTest -->
