<?xml version="1.0" encoding="UTF-8"?>
<!-- Generated by org.testng.reporters.JUnitReportReporter -->
<testsuite skipped="0" hostname="LAPTOP-JLPCQCSL" name="test.BonifyRegistrationTest" tests="1" failures="0" timestamp="25 Aug 2018 12:15:07 GMT" time="2.091" errors="0">
  <testcase name="existUserRegistrationTest" time="2.091" classname="test.BonifyRegistrationTest"/>
</testsuite> <!-- test.BonifyRegistrationTest -->
