<?xml version="1.0" encoding="UTF-8"?>
<!-- Generated by org.testng.reporters.JUnitReportReporter -->
<testsuite skipped="0" hostname="LAPTOP-JLPCQCSL" name="test.BonifyTestSuite" tests="12" failures="0" timestamp="25 Aug 2018 12:33:27 GMT" time="15.559" errors="0">
  <testcase name="blankLoginTest" time="0.951" classname="test.BonifyTestSuite"/>
  <testcase name="blankEmailLoginTest" time="0.416" classname="test.BonifyTestSuite"/>
  <testcase name="blankPasswordLoginTest" time="2.193" classname="test.BonifyTestSuite"/>
  <testcase name="InvalidLoginTest" time="1.694" classname="test.BonifyTestSuite"/>
  <testcase name="ForgotPasswordLinkTest" time="0.343" classname="test.BonifyTestSuite"/>
  <testcase name="RegisterLinkTest" time="1.031" classname="test.BonifyTestSuite"/>
  <testcase name="ValidLoginTest" time="1.766" classname="test.BonifyTestSuite"/>
  <testcase name="LogoutTest" time="2.721" classname="test.BonifyTestSuite"/>
  <testcase name="existUserRegistrationTest" time="2.784" classname="test.BonifyTestSuite"/>
  <testcase name="ImpressumLinkTest" time="0.047" classname="test.BonifyTestSuite"/>
  <testcase name="AgbLinkTest" time="0.140" classname="test.BonifyTestSuite"/>
  <testcase name="DatenschutzLinkTest" time="1.473" classname="test.BonifyTestSuite"/>
</testsuite> <!-- test.BonifyTestSuite -->
