<?xml version="1.0" encoding="UTF-8"?>
<!-- Generated by org.testng.reporters.JUnitReportReporter -->
<testsuite skipped="0" hostname="LAPTOP-JLPCQCSL" name="test.BonifyLoginPageTest" tests="11" failures="0" timestamp="23 Aug 2018 14:35:52 GMT" time="23.223" errors="0">
  <testcase name="blankLoginTest" time="1.068" classname="test.BonifyLoginPageTest"/>
  <testcase name="blankEmailLoginTest" time="2.394" classname="test.BonifyLoginPageTest"/>
  <testcase name="blankPasswordLoginTest" time="3.407" classname="test.BonifyLoginPageTest"/>
  <testcase name="InvalidLoginTest" time="2.369" classname="test.BonifyLoginPageTest"/>
  <testcase name="ForgotPasswordLinkTest" time="0.314" classname="test.BonifyLoginPageTest"/>
  <testcase name="RegisterLinkTest" time="1.382" classname="test.BonifyLoginPageTest"/>
  <testcase name="ValidLoginTest" time="1.876" classname="test.BonifyLoginPageTest"/>
  <testcase name="LogoutTest" time="2.620" classname="test.BonifyLoginPageTest"/>
  <testcase name="ImpressumLinkTest" time="2.059" classname="test.BonifyLoginPageTest"/>
  <testcase name="AgbLinkTest" time="2.176" classname="test.BonifyLoginPageTest"/>
  <testcase name="DatenschutzLinkTest" time="3.558" classname="test.BonifyLoginPageTest"/>
</testsuite> <!-- test.BonifyLoginPageTest -->
