<?xml version="1.0" encoding="UTF-8"?>
<!-- Generated by org.testng.reporters.JUnitReportReporter -->
<testsuite skipped="0" hostname="LAPTOP-JLPCQCSL" name="test.BonifyLoginPageTest" tests="11" failures="0" timestamp="24 Aug 2018 14:23:59 GMT" time="12.363" errors="0">
  <testcase name="blankLoginTest" time="0.930" classname="test.BonifyLoginPageTest"/>
  <testcase name="blankEmailLoginTest" time="1.987" classname="test.BonifyLoginPageTest"/>
  <testcase name="blankPasswordLoginTest" time="2.217" classname="test.BonifyLoginPageTest"/>
  <testcase name="InvalidLoginTest" time="1.737" classname="test.BonifyLoginPageTest"/>
  <testcase name="ForgotPasswordLinkTest" time="0.352" classname="test.BonifyLoginPageTest"/>
  <testcase name="RegisterLinkTest" time="1.038" classname="test.BonifyLoginPageTest"/>
  <testcase name="ValidLoginTest" time="1.764" classname="test.BonifyLoginPageTest"/>
  <testcase name="LogoutTest" time="0.641" classname="test.BonifyLoginPageTest"/>
  <testcase name="ImpressumLinkTest" time="0.016" classname="test.BonifyLoginPageTest"/>
  <testcase name="AgbLinkTest" time="0.282" classname="test.BonifyLoginPageTest"/>
  <testcase name="DatenschutzLinkTest" time="1.399" classname="test.BonifyLoginPageTest"/>
</testsuite> <!-- test.BonifyLoginPageTest -->
